  Source.c
C:\BellyPot\C projects on visual studio\Project1\Source.c(13,9): warning C4047: '=': 'int' differs in levels of indirection from 'int *'
C:\BellyPot\C projects on visual studio\Project1\Source.c(14,9): warning C4047: '=': 'int' differs in levels of indirection from 'int *'
C:\BellyPot\C projects on visual studio\Project1\Source.c(24,16): warning C4047: 'function': 'int *' differs in levels of indirection from 'int'
C:\BellyPot\C projects on visual studio\Project1\Source.c(24,15): warning C4024: 'area': different types for formal and actual parameter 2
C:\BellyPot\C projects on visual studio\Project1\Source.c(24,32): warning C4047: 'function': 'int *' differs in levels of indirection from 'int'
C:\BellyPot\C projects on visual studio\Project1\Source.c(24,31): warning C4024: 'area': different types for formal and actual parameter 2
C:\BellyPot\C projects on visual studio\Project1\Source.c(24,45): warning C4047: 'function': 'int *' differs in levels of indirection from 'int'
C:\BellyPot\C projects on visual studio\Project1\Source.c(24,44): warning C4024: 'area': different types for formal and actual parameter 1
C:\BellyPot\C projects on visual studio\Project1\Source.c(24,48): warning C4047: 'function': 'int *' differs in levels of indirection from 'int'
C:\BellyPot\C projects on visual studio\Project1\Source.c(24,47): warning C4024: 'area': different types for formal and actual parameter 2
C:\BellyPot\C projects on visual studio\Project1\Source.c(24,66): warning C4047: 'function': 'int *' differs in levels of indirection from 'int'
C:\BellyPot\C projects on visual studio\Project1\Source.c(24,65): warning C4024: 'area': different types for formal and actual parameter 2
C:\BellyPot\C projects on visual studio\Project1\Source.c(24,69): warning C4047: 'function': 'int *' differs in levels of indirection from 'int'
C:\BellyPot\C projects on visual studio\Project1\Source.c(24,68): warning C4024: 'area': different types for formal and actual parameter 3
C:\BellyPot\C projects on visual studio\Project1\Source.c(16,2): error C4996: 'scanf': This function or variable may be unsafe. Consider using scanf_s instead. To disable deprecation, use _CRT_SECURE_NO_WARNINGS. See online help for details.
C:\BellyPot\C projects on visual studio\Project1\Source.c(19,2): error C4996: 'scanf': This function or variable may be unsafe. Consider using scanf_s instead. To disable deprecation, use _CRT_SECURE_NO_WARNINGS. See online help for details.
C:\BellyPot\C projects on visual studio\Project1\Source.c(21,2): error C4996: 'scanf': This function or variable may be unsafe. Consider using scanf_s instead. To disable deprecation, use _CRT_SECURE_NO_WARNINGS. See online help for details.
C:\BellyPot\C projects on visual studio\Project1\Source.c(23,2): error C4996: 'scanf': This function or variable may be unsafe. Consider using scanf_s instead. To disable deprecation, use _CRT_SECURE_NO_WARNINGS. See online help for details.
C:\BellyPot\C projects on visual studio\Project1\Source.c(44,62): warning C4244: '=': conversion from 'double' to 'float', possible loss of data
C:\BellyPot\C projects on visual studio\Project1\Source.c(46,62): warning C4244: 'return': conversion from 'double' to 'float', possible loss of data
C:\BellyPot\C projects on visual studio\Project1\Source.c(51,58): warning C4244: 'return': conversion from 'double' to 'float', possible loss of data
